<?xml version="1.0" encoding="UTF-8"?>
<!-- Generated by org.testng.reporters.JUnitReportReporter -->
<testsuite hostname="DESKTOP-9QSCV6P" failures="0" tests="2" name="jenkinsTest" time="21.926" errors="0" timestamp="2022-05-20T23:17:43 IST" skipped="0">
  <testcase classname="jenkinsTest" name="myTest1" time="12.009"/>
  <system-out/>
  <testcase classname="jenkinsTest" name="myTest2" time="9.917"/>
  <system-out/>
</testsuite> <!-- jenkinsTest -->
