<?xml version="1.0" encoding="UTF-8"?>
<!-- Generated by org.testng.reporters.JUnitReportReporter -->
<testsuite hostname="DESKTOP-9QSCV6P" failures="0" tests="3" name="testPackage.jenkinsTest" time="21.911" errors="0" timestamp="2022-05-21T00:40:38 IST" skipped="0">
  <testcase classname="testPackage.jenkinsTest" name="myTest2" time="5.431"/>
  <system-out/>
  <testcase classname="testPackage.jenkinsTest" name="myTest1" time="10.614"/>
  <system-out/>
  <testcase classname="testPackage.jenkinsTest" name="myTest3" time="5.866"/>
  <system-out/>
</testsuite> <!-- testPackage.jenkinsTest -->
