<?xml version="1.0" encoding="UTF-8"?>
<!-- Generated by org.testng.reporters.JUnitReportReporter -->
<testsuite hostname="DESKTOP-9QSCV6P" failures="0" tests="3" name="testPackage.jenkinsTest" time="20.267" errors="0" timestamp="2022-05-21T00:08:38 IST" skipped="0">
  <testcase classname="testPackage.jenkinsTest" name="myTest2" time="5.286"/>
  <system-out/>
  <testcase classname="testPackage.jenkinsTest" name="myTest1" time="10.441"/>
  <system-out/>
  <testcase classname="testPackage.jenkinsTest" name="myTest3" time="4.540"/>
  <system-out/>
</testsuite> <!-- testPackage.jenkinsTest -->
