<?xml version="1.0" encoding="UTF-8"?>
<!-- Generated by org.testng.reporters.JUnitReportReporter -->
<testsuite hostname="DESKTOP-9QSCV6P" failures="0" tests="2" name="testPackage.jenkinsTest" time="16.816" errors="0" timestamp="2022-05-20T23:22:34 IST" skipped="0">
  <testcase classname="testPackage.jenkinsTest" name="myTest1" time="6.670"/>
  <system-out/>
  <testcase classname="testPackage.jenkinsTest" name="myTest2" time="10.146"/>
  <system-out/>
</testsuite> <!-- testPackage.jenkinsTest -->
