<?xml version="1.0" encoding="UTF-8"?>
<!-- Generated by org.testng.reporters.JUnitReportReporter -->
<testsuite hostname="DESKTOP-9QSCV6P" failures="0" tests="2" name="testPackage.jenkinsTest" time="17.477" errors="0" timestamp="2022-05-20T23:24:16 IST" skipped="0">
  <testcase classname="testPackage.jenkinsTest" name="myTest1" time="11.880"/>
  <system-out/>
  <testcase classname="testPackage.jenkinsTest" name="myTest2" time="5.597"/>
  <system-out/>
</testsuite> <!-- testPackage.jenkinsTest -->
